{
  "name": "test_one",
  "status": "failed",
  "statusDetails": {
    "message": "AssertionError: assert 1 == 3\n  +1\n  -3",
    "trace": "@pytest.mark.flaky(reruns=6, reruns_delay=2)\n    def test_one():\n>       assert 1==3\nE       assert 1 == 3\nE         +1\nE         -3\n\ntest_forCJ.py:4: AssertionError"
  },
  "start": 1609053560955,
  "stop": 1609053560955,
  "uuid": "1afccb49-6725-4bb5-8ec8-9d610405c052",
  "historyId": "2a85f8162a33fa39c0e06d09e69c1d09",
  "testCaseId": "be16dc8377a77f32fd6f004676fd238a",
  "fullName": "test_forCJ#test_one",
  "labels": [
    {
      "name": "tag",
      "value": "flaky(reruns=6, reruns_delay=2)"
    },
    {
      "name": "suite",
      "value": "test_forCJ"
    },
    {
      "name": "host",
      "value": "WJ-PC"
    },
    {
      "name": "thread",
      "value": "8460-MainThread"
    },
    {
      "name": "framework",
      "value": "pytest"
    },
    {
      "name": "language",
      "value": "cpython3"
    },
    {
      "name": "package",
      "value": "test_forCJ"
    }
  ]
}