{
  "uid": "e5c1f9f9d501c1b9",
  "name": "test_answer",
  "fullName": "test_a#test_answer",
  "historyId": "58291783ea7b1c6e0d78f6f2133b6cd4",
  "time": {
    "start": 1609053552721,
    "stop": 1609053552722,
    "duration": 1
  },
  "status": "failed",
  "statusMessage": "AssertionError: assert 4 == 5\n  +4\n  -5",
  "statusTrace": "def test_answer():\n>       assert func(3) == 5\nE       assert 4 == 5\nE         +4\nE         -5\n\ntest_a.py:21: AssertionError",
  "flaky": false,
  "newFailed": false,
  "beforeStages": [],
  "afterStages": [],
  "labels": [
    {
      "name": "suite",
      "value": "test_a"
    },
    {
      "name": "host",
      "value": "WJ-PC"
    },
    {
      "name": "thread",
      "value": "8460-MainThread"
    },
    {
      "name": "framework",
      "value": "pytest"
    },
    {
      "name": "language",
      "value": "cpython3"
    },
    {
      "name": "package",
      "value": "test_a"
    },
    {
      "name": "resultFormat",
      "value": "allure2"
    }
  ],
  "parameters": [],
  "links": [],
  "hidden": false,
  "retry": false,
  "extra": {
    "severity": "normal",
    "retries": [],
    "categories": [
      {
        "name": "Product defects",
        "matchedStatuses": [],
        "flaky": false
      }
    ],
    "tags": []
  },
  "source": "e5c1f9f9d501c1b9.json",
  "parameterValues": []
}